<?xml version="1.0" encoding="UTF-8"?>
<!-- Generated by org.testng.reporters.JUnitReportReporter -->
<testsuite skipped="0" hostname="home" name="com.leafBot.testcases.LoginTC001" tests="2" failures="0" timestamp="08 Sep 2019 10:19:12 GMT" time="19.517" errors="0">
  <testcase name="runTC001" time="7.697" classname="com.leafBot.testcases.LoginTC001"/>
  <testcase name="runTC001" time="11.820" classname="com.leafBot.testcases.LoginTC001"/>
</testsuite> <!-- com.leafBot.testcases.LoginTC001 -->
